# JRE version: OpenJDK Runtime Environment (11.0.13) (build 11.0.13+0-b1751.21-8125866)
# Java VM: OpenJDK 64-Bit Server VM (11.0.13+0-b1751.21-8125866, mixed mode, tiered, compressed oops, g1 gc, windows-amd64)
Heap:
 garbage-first heap   total 253952K, used 181818K [0x0000000080000000, 0x0000000100000000)
  region size 1024K, 56 young (57344K), 10 survivors (10240K)
 Metaspace       used 129393K, capacity 132955K, committed 133124K, reserved 1165312K
  class space    used 15688K, capacity 17056K, committed 17152K, reserved 1048576K
GC Heap History (20 events):
Event: 2743.334 GC heap before
{Heap before GC invocations=41 (full 0):
 garbage-first heap   total 253952K, used 217432K [0x0000000080000000, 0x0000000100000000)
  region size 1024K, 79 young (80896K), 6 survivors (6144K)
 Metaspace       used 127282K, capacity 130656K, committed 131204K, reserved 1163264K
  class space    used 15578K, capacity 16880K, committed 17024K, reserved 1048576K
}
Event: 2743.345 GC heap after
{Heap after GC invocations=42 (full 0):
 garbage-first heap   total 253952K, used 126650K [0x0000000080000000, 0x0000000100000000)
  region size 1024K, 3 young (3072K), 3 survivors (3072K)
 Metaspace       used 127282K, capacity 130656K, committed 131204K, reserved 1163264K
  class space    used 15578K, capacity 16880K, committed 17024K, reserved 1048576K
}
Event: 2743.423 GC heap before
{Heap before GC invocations=42 (full 0):
 garbage-first heap   total 253952K, used 134842K [0x0000000080000000, 0x0000000100000000)
  region size 1024K, 12 young (12288K), 3 survivors (3072K)
 Metaspace       used 127313K, capacity 130658K, committed 131204K, reserved 1163264K
  class space    used 15578K, capacity 16880K, committed 17024K, reserved 1048576K
}
Event: 2743.434 GC heap after
{Heap after GC invocations=43 (full 0):
 garbage-first heap   total 253952K, used 111662K [0x0000000080000000, 0x0000000100000000)
  region size 1024K, 2 young (2048K), 2 survivors (2048K)
 Metaspace       used 127313K, capacity 130658K, committed 131204K, reserved 1163264K
  class space    used 15578K, capacity 16880K, committed 17024K, reserved 1048576K
}
Event: 3005.456 GC heap before
{Heap before GC invocations=43 (full 0):
 garbage-first heap   total 253952K, used 121902K [0x0000000080000000, 0x0000000100000000)
  region size 1024K, 12 young (12288K), 2 survivors (2048K)
 Metaspace       used 127454K, capacity 130818K, committed 131588K, reserved 1163264K
  class space    used 15598K, capacity 16912K, committed 17152K, reserved 1048576K
}
Event: 3005.463 GC heap after
{Heap after GC invocations=44 (full 0):
 garbage-first heap   total 253952K, used 108144K [0x0000000080000000, 0x0000000100000000)
  region size 1024K, 2 young (2048K), 2 survivors (2048K)
 Metaspace       used 127454K, capacity 130818K, committed 131588K, reserved 1163264K
  class space    used 15598K, capacity 16912K, committed 17152K, reserved 1048576K
}
Event: 3236.786 GC heap before
{Heap before GC invocations=44 (full 0):
 garbage-first heap   total 253952K, used 181872K [0x0000000080000000, 0x0000000100000000)
  region size 1024K, 76 young (77824K), 2 survivors (2048K)
 Metaspace       used 127854K, capacity 131310K, committed 131844K, reserved 1165312K
  class space    used 15630K, capacity 16970K, committed 17152K, reserved 1048576K
}
Event: 3236.803 GC heap after
{Heap after GC invocations=45 (full 0):
 garbage-first heap   total 253952K, used 117079K [0x0000000080000000, 0x0000000100000000)
  region size 1024K, 10 young (10240K), 10 survivors (10240K)
 Metaspace       used 127854K, capacity 131310K, committed 131844K, reserved 1165312K
  class space    used 15630K, capacity 16970K, committed 17152K, reserved 1048576K
}
Event: 3237.708 GC heap before
{Heap before GC invocations=46 (full 0):
 garbage-first heap   total 253952K, used 201047K [0x0000000080000000, 0x0000000100000000)
  region size 1024K, 91 young (93184K), 10 survivors (10240K)
 Metaspace       used 128161K, capacity 131566K, committed 131844K, reserved 1165312K
  class space    used 15635K, capacity 16979K, committed 17152K, reserved 1048576K
}
Event: 3237.717 GC heap after
{Heap after GC invocations=47 (full 0):
 garbage-first heap   total 253952K, used 119645K [0x0000000080000000, 0x0000000100000000)
  region size 1024K, 3 young (3072K), 3 survivors (3072K)
 Metaspace       used 128161K, capacity 131566K, committed 131844K, reserved 1165312K
  class space    used 15635K, capacity 16979K, committed 17152K, reserved 1048576K
}
Event: 3237.733 GC heap before
{Heap before GC invocations=47 (full 0):
 garbage-first heap   total 253952K, used 128861K [0x0000000080000000, 0x0000000100000000)
  region size 1024K, 12 young (12288K), 3 survivors (3072K)
 Metaspace       used 128168K, capacity 131572K, committed 131844K, reserved 1165312K
  class space    used 15636K, capacity 16980K, committed 17152K, reserved 1048576K
}
Event: 3237.742 GC heap after
{Heap after GC invocations=48 (full 0):
 garbage-first heap   total 253952K, used 109900K [0x0000000080000000, 0x0000000100000000)
  region size 1024K, 1 young (1024K), 1 survivors (1024K)
 Metaspace       used 128168K, capacity 131572K, committed 131844K, reserved 1165312K
  class space    used 15636K, capacity 16980K, committed 17152K, reserved 1048576K
}
Event: 3238.102 GC heap before
{Heap before GC invocations=48 (full 0):
 garbage-first heap   total 253952K, used 146764K [0x0000000080000000, 0x0000000100000000)
  region size 1024K, 39 young (39936K), 1 survivors (1024K)
 Metaspace       used 128464K, capacity 131908K, committed 132100K, reserved 1165312K
  class space    used 15650K, capacity 17006K, committed 17152K, reserved 1048576K
}
Event: 3238.106 GC heap after
{Heap after GC invocations=49 (full 0):
 garbage-first heap   total 253952K, used 110249K [0x0000000080000000, 0x0000000100000000)
  region size 1024K, 1 young (1024K), 1 survivors (1024K)
 Metaspace       used 128464K, capacity 131908K, committed 132100K, reserved 1165312K
  class space    used 15650K, capacity 17006K, committed 17152K, reserved 1048576K
}
Event: 3524.287 GC heap before
{Heap before GC invocations=50 (full 0):
 garbage-first heap   total 253952K, used 216745K [0x0000000080000000, 0x0000000100000000)
  region size 1024K, 90 young (92160K), 1 survivors (1024K)
 Metaspace       used 128697K, capacity 132198K, committed 132356K, reserved 1165312K
  class space    used 15654K, capacity 17011K, committed 17152K, reserved 1048576K
}
Event: 3524.294 GC heap after
{Heap after GC invocations=51 (full 0):
 garbage-first heap   total 253952K, used 122202K [0x0000000080000000, 0x0000000100000000)
  region size 1024K, 12 young (12288K), 12 survivors (12288K)
 Metaspace       used 128697K, capacity 132198K, committed 132356K, reserved 1165312K
  class space    used 15654K, capacity 17011K, committed 17152K, reserved 1048576K
}
Event: 3524.305 GC heap before
{Heap before GC invocations=51 (full 0):
 garbage-first heap   total 253952K, used 123226K [0x0000000080000000, 0x0000000100000000)
  region size 1024K, 13 young (13312K), 12 survivors (12288K)
 Metaspace       used 128705K, capacity 132198K, committed 132356K, reserved 1165312K
  class space    used 15654K, capacity 17011K, committed 17152K, reserved 1048576K
}
Event: 3524.314 GC heap after
{Heap after GC invocations=52 (full 0):
 garbage-first heap   total 253952K, used 115663K [0x0000000080000000, 0x0000000100000000)
  region size 1024K, 2 young (2048K), 2 survivors (2048K)
 Metaspace       used 128705K, capacity 132198K, committed 132356K, reserved 1165312K
  class space    used 15654K, capacity 17011K, committed 17152K, reserved 1048576K
}
Event: 3525.088 GC heap before
{Heap before GC invocations=52 (full 0):
 garbage-first heap   total 253952K, used 201679K [0x0000000080000000, 0x0000000100000000)
  region size 1024K, 86 young (88064K), 2 survivors (2048K)
 Metaspace       used 129042K, capacity 132529K, committed 132868K, reserved 1165312K
  class space    used 15657K, capacity 17011K, committed 17152K, reserved 1048576K
}
Event: 3525.099 GC heap after
{Heap after GC invocations=53 (full 0):
 garbage-first heap   total 253952K, used 123450K [0x0000000080000000, 0x0000000100000000)
  region size 1024K, 10 young (10240K), 10 survivors (10240K)
 Metaspace       used 129042K, capacity 132529K, committed 132868K, reserved 1165312K
  class space    used 15657K, capacity 17011K, committed 17152K, reserved 1048576K
}

